Running compile
  HOSTCC  scripts/basic/fixdep
  HOSTCC  scripts/kconfig/conf.o
  HOSTCC  scripts/kconfig/zconf.tab.o
In file included from scripts/kconfig/zconf.tab.c:2537:0:
scripts/kconfig/menu.c: In function ‘get_symbol_str’:
scripts/kconfig/menu.c:590:18: warning: ‘jump’ may be used uninitialized in this function [-Wmaybe-uninitialized]
     jump->offset = strlen(r->s);
                  ^
In file included from scripts/kconfig/zconf.tab.c:2537:0:
scripts/kconfig/menu.c:551:19: note: ‘jump’ was declared here
  struct jump_key *jump;
                   ^
  HOSTLD  scripts/kconfig/conf
scripts/kconfig/conf --silentoldconfig Kconfig
  CHK     include/config/kernel.release
  WRAP    arch/arm/include/generated/asm/auxvec.h
  WRAP    arch/arm/include/generated/asm/bitsperlong.h
  WRAP    arch/arm/include/generated/asm/cputime.h
  WRAP    arch/arm/include/generated/asm/current.h
  WRAP    arch/arm/include/generated/asm/emergency-restart.h
  WRAP    arch/arm/include/generated/asm/errno.h
  WRAP    arch/arm/include/generated/asm/exec.h
  CHK     include/generated/uapi/linux/version.h
  WRAP    arch/arm/include/generated/asm/hash.h
  WRAP    arch/arm/include/generated/asm/ioctl.h
  UPD     include/generated/uapi/linux/version.h
  WRAP    arch/arm/include/generated/asm/ipcbuf.h
  WRAP    arch/arm/include/generated/asm/irq_regs.h
  WRAP    arch/arm/include/generated/asm/kdebug.h
  WRAP    arch/arm/include/generated/asm/local.h
  WRAP    arch/arm/include/generated/asm/local64.h
  WRAP    arch/arm/include/generated/asm/mcs_spinlock.h
  WRAP    arch/arm/include/generated/asm/msgbuf.h
  WRAP    arch/arm/include/generated/asm/param.h
  WRAP    arch/arm/include/generated/asm/parport.h
  WRAP    arch/arm/include/generated/asm/poll.h
  WRAP    arch/arm/include/generated/asm/preempt.h
  WRAP    arch/arm/include/generated/asm/resource.h
  WRAP    arch/arm/include/generated/asm/rwsem.h
  WRAP    arch/arm/include/generated/asm/scatterlist.h
  WRAP    arch/arm/include/generated/asm/sections.h
  WRAP    arch/arm/include/generated/asm/segment.h
  WRAP    arch/arm/include/generated/asm/sembuf.h
  WRAP    arch/arm/include/generated/asm/serial.h
  WRAP    arch/arm/include/generated/asm/shmbuf.h
  WRAP    arch/arm/include/generated/asm/siginfo.h
  WRAP    arch/arm/include/generated/asm/simd.h
  UPD     include/config/kernel.release
  WRAP    arch/arm/include/generated/asm/sizes.h
  WRAP    arch/arm/include/generated/asm/socket.h
  WRAP    arch/arm/include/generated/asm/sockios.h
  WRAP    arch/arm/include/generated/asm/termbits.h
  WRAP    arch/arm/include/generated/asm/termios.h
  WRAP    arch/arm/include/generated/asm/timex.h
  WRAP    arch/arm/include/generated/asm/trace_clock.h
  WRAP    arch/arm/include/generated/asm/unaligned.h
  CHK     include/generated/utsrelease.h
  UPD     include/generated/utsrelease.h
  HOSTCC  scripts/kallsyms
  HOSTCC  scripts/conmakehash
  HOSTCC  scripts/dtc/checks.o
  CC      scripts/mod/empty.o
  HOSTCC  scripts/dtc/data.o
  HOSTCC  scripts/mod/mk_elfconfig
  SHIPPED scripts/dtc/dtc-lexer.lex.c
  SHIPPED scripts/dtc/dtc-parser.tab.h
  SHIPPED scripts/dtc/dtc-parser.tab.c
  HOSTCC  scripts/dtc/dtc.o
  HOSTCC  scripts/dtc/flattree.o
  HOSTCC  scripts/dtc/fstree.o
  HOSTCC  scripts/dtc/livetree.o
  HOSTCC  scripts/dtc/srcpos.o
  HOSTCC  scripts/dtc/treesource.o
  HOSTCC  scripts/dtc/util.o
  HOSTCC  scripts/dtc/dtc-lexer.lex.o
  CC      scripts/mod/devicetable-offsets.s
  HOSTCC  scripts/dtc/dtc-parser.tab.o
  MKELF   scripts/mod/elfconfig.h
  GEN     scripts/mod/devicetable-offsets.h
  HOSTCC  scripts/mod/modpost.o
  HOSTLD  scripts/dtc/dtc
  HOSTCC  scripts/mod/sumversion.o
  HOSTCC  scripts/sortextable
  HOSTCC  scripts/mod/file2alias.o
  HOSTLD  scripts/mod/modpost
In file included from scripts/sortextable.c:194:0:
scripts/sortextable.c: In function ‘main’:
scripts/sortextable.h:176:3: warning: ‘relocs_size’ may be used uninitialized in this function [-Wmaybe-uninitialized]
   memset(relocs, 0, relocs_size);
   ^
scripts/sortextable.h:106:6: note: ‘relocs_size’ was declared here
  int relocs_size;
      ^
In file included from scripts/sortextable.c:192:0:
scripts/sortextable.h:176:3: warning: ‘relocs_size’ may be used uninitialized in this function [-Wmaybe-uninitialized]
   memset(relocs, 0, relocs_size);
   ^
scripts/sortextable.h:106:6: note: ‘relocs_size’ was declared here
  int relocs_size;
      ^
  Generating include/generated/mach-types.h
  CC      kernel/bounds.s
  GEN     include/generated/bounds.h
  CC      arch/arm/kernel/asm-offsets.s
  GEN     include/generated/asm-offsets.h
  CALL    scripts/checksyscalls.sh
  CC      init/main.o
  CHK     include/generated/compile.h
  CC      init/do_mounts.o
  HOSTCC  usr/gen_init_cpio
  UPD     include/generated/compile.h
  CC      init/do_mounts_initrd.o
  CC      init/initramfs.o
  CC      init/calibrate.o
  CC      init/init_task.o
  CC      arch/arm/vfp/vfpmodule.o
  CC      init/version.o
  AS      arch/arm/vfp/entry.o
  AS      arch/arm/vfp/vfphw.o
  CC      arch/arm/kernel/elf.o
  CC      arch/arm/vfp/vfpsingle.o
  GEN     usr/initramfs_data.cpio.gz
  CC      arch/arm/vfp/vfpdouble.o
  AS      usr/initramfs_data.o
  AS      arch/arm/kernel/entry-common.o
  LD      arch/arm/vfp/vfp.o
  LD      arch/arm/vfp/built-in.o
  CC      arch/arm/kernel/irq.o
  LD      usr/built-in.o
  CC      arch/arm/kernel/opcodes.o
  CC      arch/arm/mm/dma-mapping.o
  LD      init/mounts.o
  LD      init/built-in.o
  CC      arch/arm/kernel/process.o
  CC      arch/arm/common/firmware.o
  CC      arch/arm/common/icst.o
  CC      arch/arm/mm/extable.o
  CC      arch/arm/kernel/ptrace.o
  CC      arch/arm/common/timer-sp.o
  CC      arch/arm/mm/fault.o
  CC      arch/arm/kernel/return_address.o
  LD      arch/arm/common/built-in.o
  CC      arch/arm/mm/init.o
  CC      arch/arm/kernel/setup.o
  LD      arch/arm/net/built-in.o
  CC      arch/arm/kernel/signal.o
  AS      arch/arm/kernel/sigreturn_codes.o
  CC      arch/arm/kernel/stacktrace.o
  CC      arch/arm/mm/iomap.o
  CC      arch/arm/kernel/sys_arm.o
  CC      arch/arm/kernel/time.o
  CC      arch/arm/kernel/traps.o
  CC      arch/arm/kernel/atags_parse.o
  CC      arch/arm/mm/fault-armv.o
  AS      arch/arm/kernel/entry-armv.o
  CC      arch/arm/mm/flush.o
  LD      arch/arm/crypto/built-in.o
  CC      arch/arm/kernel/cpuidle.o
  LD      arch/arm/firmware/built-in.o
  CC      arch/arm/mm/idmap.o
  AS      arch/arm/kernel/sleep.o
  CC      arch/arm/kernel/suspend.o
  CC      arch/arm/mm/ioremap.o
  CC      arch/arm/mach-vexpress/v2m.o
  CC      arch/arm/kernel/devtree.o
  CC      arch/arm/mm/mmap.o
  CC      arch/arm/kernel/io.o
  CC      arch/arm/plat-versatile/sched-clock.o
  AS      arch/arm/kernel/hyp-stub.o
  LD      arch/arm/plat-versatile/built-in.o
  AS      arch/arm/kernel/head.o
  CC      arch/arm/mach-vexpress/ct-ca9x4.o
  CC      arch/arm/mm/pgd.o
  CC      arch/arm/mach-vexpress/spc.o
  LDS     arch/arm/kernel/vmlinux.lds
  CC      arch/arm/mm/mmu.o
  LD      arch/arm/kernel/built-in.o
  CC      kernel/fork.o
  CC      kernel/exec_domain.o
  LD      arch/arm/mach-vexpress/built-in.o
  CC      mm/filemap.o
  CC      fs/open.o
  CC      mm/mempool.o
  CC      fs/read_write.o
  CC      arch/arm/mm/alignment.o
  CC      mm/oom_kill.o
  CC      kernel/panic.o
  AS      arch/arm/mm/abort-ev7.o
  AS      arch/arm/mm/pabort-v7.o
  CC      mm/fadvise.o
  AS      arch/arm/mm/cache-v7.o
  CC      fs/file_table.o
  CC      kernel/cpu.o
  CC      mm/maccess.o
  CC      arch/arm/mm/copypage-v6.o
  CC      mm/page_alloc.o
  CC      fs/super.o
  CC      arch/arm/mm/context.o
  CC      mm/page-writeback.o
  CC      kernel/exit.o
  CC      fs/char_dev.o
  CC      mm/readahead.o
  CC      fs/stat.o
  CC      kernel/softirq.o
  CC      mm/swap.o
  CC      mm/truncate.o
  CC      mm/vmscan.o
  AS      arch/arm/mm/tlb-v7.o
  AS      arch/arm/mm/proc-v7.o
  CC      mm/shmem.o
  LD      arch/arm/mm/built-in.o
  CC      mm/util.o
  LD      ipc/built-in.o
  CC      kernel/resource.o
  CC      fs/exec.o
  CC      security/commoncap.o
  CC      mm/mmzone.o
  CC      kernel/sysctl.o
  CC      kernel/sysctl_binary.o
  CC      security/min_addr.o
  CC      fs/pipe.o
  CC      mm/vmstat.o
  CC      mm/backing-dev.o
  CC      mm/mm_init.o
  LD      security/built-in.o
  CC      fs/namei.o
  CC      crypto/api.o
  CC      kernel/capability.o
  CC      mm/mmu_context.o
  CC      fs/fcntl.o
  CC      crypto/cipher.o
  CC      mm/percpu.o
  CC      kernel/ptrace.o
  CC      fs/ioctl.o
  CC      crypto/compress.o
  CC      mm/slab_common.o
  CC      kernel/user.o
  CC      kernel/signal.o
  CC      fs/readdir.o
  CC      mm/compaction.o
  CC      crypto/memneq.o
  CC      mm/balloon_compaction.o
  CC      fs/select.o
  CC      crypto/algapi.o
  CC      mm/vmacache.o
  CC      kernel/sys.o
  CC      mm/interval_tree.o
  CC      crypto/scatterwalk.o
  CC      kernel/kmod.o
  CC      fs/dcache.o
  CC      mm/list_lru.o
  CC      mm/workingset.o
  CC      crypto/proc.o
  CC      kernel/workqueue.o
  CC      fs/inode.o
  CC      fs/attr.o
  CC      mm/iov_iter.o
  CC      crypto/ahash.o
  CC      fs/bad_inode.o
  CC      kernel/pid.o
  CC      mm/fremap.o
  CC      fs/file.o
  CC      mm/gup.o
  CC      crypto/shash.o
  CC      kernel/task_work.o
  CC      fs/filesystems.o
  CC      mm/highmem.o
  CC      mm/madvise.o
  CC      crypto/aes_generic.o
  CC      mm/memory.o
  CC      kernel/extable.o
  CC      mm/mincore.o
  CC      crypto/deflate.o
  CC      fs/namespace.o
  CC      kernel/params.o
  CC      mm/mlock.o
  CC      crypto/crc32c_generic.o
  CC      kernel/kthread.o
  CC      fs/seq_file.o
  CC      fs/xattr.o
  CC      kernel/nsproxy.o
  CC      mm/mprotect.o
  CC      crypto/crct10dif_generic.o
  CC      fs/libfs.o
  CC      fs/fs-writeback.o
  CC      fs/pnode.o
  CC      crypto/lzo.o
  CC      mm/mremap.o
  CC      fs/splice.o
  LD      crypto/crypto.o
  LD      crypto/crypto_algapi.o
  LD      crypto/crypto_hash.o
  LD      crypto/built-in.o
  CC      fs/sync.o
  CC      fs/utimes.o
  CC      fs/stack.o
  CC      mm/msync.o
  CC      fs/fs_struct.o
  CC      fs/statfs.o
  CC      fs/fs_pin.o
  CC      kernel/notifier.o
  CC      fs/buffer.o
  CC      kernel/ksysfs.o
  CC      kernel/cred.o
  CC      mm/rmap.o
  CC      fs/block_dev.o
  CC      mm/vmalloc.o
  CC      fs/direct-io.o
  CC      fs/mpage.o
  CC      fs/proc_namespace.o
  CC      kernel/reboot.o
  CC      fs/devpts/inode.o
  CC      kernel/async.o
  CC      mm/pagewalk.o
  LD      fs/exofs/built-in.o
  CC      fs/kernfs/mount.o
  LD      fs/devpts/devpts.o
  CC      kernel/range.o
  LD      fs/devpts/built-in.o
  CC      mm/pgtable-generic.o
  CC      kernel/groups.o
  CC      mm/init-mm.o
  CC      fs/kernfs/inode.o
  CC      block/elevator.o
  CC      fs/kernfs/dir.o
  CC      block/blk-core.o
  CC      block/blk-tag.o
  CC      mm/nobootmem.o
  CC      kernel/bpf/core.o
  CC      block/blk-sysfs.o
  CC      block/blk-flush.o
  CC      fs/kernfs/file.o
  CC      block/blk-settings.o
  CC      block/blk-ioc.o
  CC      block/blk-map.o
  CC      mm/memblock.o
  LD      kernel/bpf/built-in.o
  CC      mm/dmapool.o
  CC      block/blk-exec.o
  CC      kernel/irq/irqdesc.o
  CC      block/blk-merge.o
  CC      fs/kernfs/symlink.o
  CC      block/blk-softirq.o
  LD      fs/notify/dnotify/built-in.o
  LD      fs/notify/fanotify/built-in.o
  CC      block/blk-timeout.o
  LD      fs/notify/inotify/built-in.o
  LD      fs/notify/built-in.o
  CC      fs/proc/task_mmu.o
  CC      block/blk-iopoll.o
  CC      block/blk-lib.o
  CC      kernel/irq/manage.o
  CC      block/blk-mq.o
  CC      block/blk-mq-tag.o
  CC      block/blk-mq-sysfs.o
  LD      mm/built-in.o
  CC      block/blk-mq-cpu.o
  CC      kernel/irq/spurious.o
  CC      block/blk-mq-cpumap.o
  CC      fs/proc/inode.o
  CC      fs/proc/root.o
  CC      block/ioctl.o
  CC      kernel/irq/resend.o
  CC      block/partition-generic.o
  LD      fs/quota/built-in.o
  CC      kernel/irq/chip.o
  CC      kernel/irq/dummychip.o
  CC      kernel/irq/devres.o
  CC      kernel/irq/autoprobe.o
  CC      fs/proc/base.o
  CC      block/ioprio.o
  CC      kernel/irq/irqdomain.o
  CC      kernel/irq/proc.o
  CC      fs/ramfs/file-mmu.o
  CC      block/partitions/msdos.o
  CC      block/partitions/efi.o
  LD      block/partitions/built-in.o
  CC      block/noop-iosched.o
  CC      fs/proc/generic.o
  CC      block/blk-integrity.o
  CC      kernel/irq/pm.o
  CC      block/bio-integrity.o
  LD      fs/ramfs/ramfs.o
  LD      fs/ramfs/built-in.o
  CC      kernel/locking/mutex.o
  LD      block/built-in.o
  CC      kernel/power/qos.o
  LD      kernel/irq/built-in.o
  CC      fs/proc/array.o
  CC      fs/proc/fd.o
  CC      kernel/locking/semaphore.o
  CC      kernel/power/main.o
  CC      kernel/locking/rwsem.o
  CC      kernel/power/console.o
  CC      fs/proc/proc_tty.o
  CC      kernel/printk/printk.o
  CC      kernel/locking/mcs_spinlock.o
  CC      fs/proc/cmdline.o
  CC      kernel/power/process.o
  CC      kernel/locking/rtmutex.o
  CC      fs/proc/consoles.o
  LD      kernel/printk/built-in.o
  CC      kernel/locking/rwsem-xadd.o
  CC      drivers/amba/bus.o
  CC      fs/proc/cpuinfo.o
  CC      kernel/power/suspend.o
  LD      kernel/locking/built-in.o
  CC      kernel/rcu/update.o
  LD      drivers/amba/built-in.o
  CC      fs/proc/devices.o
  LD      drivers/auxdisplay/built-in.o
  CC      drivers/base/component.o
  CC      fs/proc/interrupts.o
  CC      drivers/base/core.o
  CC      kernel/rcu/srcu.o
  LD      kernel/power/built-in.o
  CC      fs/sysfs/file.o
  CC      fs/proc/loadavg.o
  CC      kernel/rcu/tiny.o
  LD      kernel/rcu/built-in.o
  CC      kernel/sched/core.o
  CC      fs/sysfs/dir.o
  CC      kernel/sched/proc.o
  CC      fs/proc/meminfo.o
  CC      drivers/base/bus.o
  CC      fs/sysfs/symlink.o
  CC      kernel/sched/clock.o
  CC      drivers/base/dd.o
  CC      fs/proc/stat.o
  CC      fs/sysfs/mount.o
  CC      kernel/sched/cputime.o
  CC      drivers/base/syscore.o
  CC      fs/sysfs/group.o
  CC      fs/proc/uptime.o
  CC      kernel/sched/idle_task.o
  LD      fs/sysfs/built-in.o
  CC      drivers/base/driver.o
  CC      fs/proc/version.o
  LD      sound/built-in.o
  CC      fs/proc/softirqs.o
  CC      kernel/sched/fair.o
  CC      drivers/base/class.o
  CC      kernel/sched/rt.o
  CC      fs/proc/namespaces.o
  CC      drivers/base/platform.o
  CC      drivers/base/cpu.o
  CC      kernel/sched/deadline.o
  CC      fs/proc/self.o
  CC      kernel/sched/stop_task.o
  CC      drivers/base/firmware.o
  CC      drivers/base/init.o
  CC      net/socket.o
  CC      drivers/base/map.o
  CC      kernel/sched/completion.o
  CC      drivers/base/devres.o
  CC      kernel/sched/idle.o
  LD      net/802/built-in.o
  CC      net/9p/mod.o
  CC      drivers/base/attribute_container.o
  CC      fs/proc/thread_self.o
  CC      net/9p/client.o
  CC      drivers/base/transport_class.o
  LD      kernel/sched/built-in.o
  HZFILE  kernel/time/hz.bc
  CC      kernel/time/timer.o
  CC      drivers/base/topology.o
  CC      net/9p/error.o
  CC      fs/proc/proc_sysctl.o
  CC      net/9p/util.o
  CC      drivers/base/container.o
  CC      kernel/time/hrtimer.o
  CC      fs/proc/proc_net.o
  CC      drivers/base/power/sysfs.o
  CC      net/9p/protocol.o
  CC      drivers/base/power/common.o
  CC      fs/proc/page.o
  CC      net/9p/trans_fd.o
  CC      drivers/base/power/qos.o
  CC      kernel/time/posix-timers.o
  LD      fs/proc/proc.o
  LD      fs/proc/built-in.o
  CC      fs/eventpoll.o
  CC      drivers/base/power/runtime.o
  CC      kernel/time/posix-cpu-timers.o
  CC      net/9p/trans_common.o
  CC      drivers/base/power/main.o
  CC      fs/anon_inodes.o
  CC      kernel/time/timekeeping.o
  LD      net/9p/9pnet.o
  LD      net/9p/built-in.o
  CC      kernel/time/ntp.o
  CC      net/core/sock.o
  CC      fs/signalfd.o
  CC      drivers/base/power/wakeup.o
  CC      drivers/base/power/opp.o
  CC      fs/timerfd.o
  CC      kernel/time/jiffies.o
  LD      drivers/base/power/built-in.o
  CC      drivers/base/regmap/regmap.o
  CC      net/core/request_sock.o
  CC      kernel/time/timer_list.o
  CC      drivers/base/regmap/regcache.o
  CC      drivers/base/regmap/regcache-rbtree.o
  CC      drivers/base/regmap/regcache-lzo.o
  CC      fs/eventfd.o
  CC      drivers/base/regmap/regcache-flat.o
  CC      drivers/base/regmap/regmap-mmio.o
  CC      kernel/time/timeconv.o
  LD      drivers/base/regmap/built-in.o
  CC      drivers/base/dma-mapping.o
  CC      fs/aio.o
  CC      kernel/time/posix-clock.o
  CC      net/core/skbuff.o
  CC      fs/locks.o
  CC      drivers/base/dma-coherent.o
  CC      kernel/time/alarmtimer.o
  CC      fs/binfmt_script.o
  CC      drivers/base/firmware_class.o
  CC      net/core/iovec.o
  CC      kernel/time/clockevents.o
  CC      fs/binfmt_elf.o
  CC      kernel/time/tick-common.o
  LD      drivers/base/built-in.o
  LD      drivers/block/built-in.o
  CC      drivers/bus/arm-cci.o
  CC      fs/coredump.o
  CC      net/core/datagram.o
  CC      kernel/time/sched_clock.o
  CC      drivers/bus/vexpress-config.o
  BC      kernel/time/timeconst.h
  CC      kernel/time/time.o
  LD      drivers/bus/built-in.o
  LD      drivers/cdrom/built-in.o
  CC      fs/drop_caches.o
  CC      drivers/char/mem.o
  CC      drivers/char/random.o
  CC      net/core/stream.o
  LD      kernel/time/built-in.o
  CC      kernel/freezer.o
  LD      fs/built-in.o
  CC      net/core/scm.o
  CC      drivers/char/misc.o
  CC      net/core/gen_stats.o
  LD      drivers/char/built-in.o
  CC      drivers/clocksource/clksrc-of.o
  CC      drivers/clk/clkdev.o
  CC      drivers/clocksource/mmio.o
  CC      drivers/clk/clk.o
  CC      drivers/clocksource/arm_global_timer.o
  CC      kernel/up.o
  CC      drivers/clk/clk-divider.o
  CC      net/core/gen_estimator.o
  CC      drivers/clk/clk-fixed-factor.o
  CC      drivers/clk/clk-fixed-rate.o
  CC      drivers/clk/clk-gate.o
  CC      kernel/uid16.o
  CC      drivers/clocksource/versatile.o
  CC      drivers/clk/clk-mux.o
  CC      drivers/clk/clk-composite.o
  CC      drivers/clk/clk-fractional-divider.o
  CC      drivers/clk/clk-conf.o
  LD      drivers/clocksource/built-in.o
  CC      drivers/clk/versatile/clk-icst.o
  LD      arch/arm/lib/built-in.o
  AS      arch/arm/lib/ashldi3.o
  CC      drivers/clk/versatile/clk-versatile.o
  CC      drivers/clk/versatile/clk-vexpress.o
  AS      arch/arm/lib/ashrdi3.o
  LD      drivers/clk/versatile/built-in.o
  LD      drivers/clk/built-in.o
  AS      arch/arm/lib/backtrace.o
  CC      drivers/cpuidle/cpuidle.o
  CC      kernel/kallsyms.o
  AS      arch/arm/lib/bswapsdi2.o
  CC      net/core/net_namespace.o
  AS      arch/arm/lib/call_with_stack.o
  AS      arch/arm/lib/changebit.o
  AS      arch/arm/lib/clear_user.o
  AS      arch/arm/lib/clearbit.o
  CC      kernel/utsname_sysctl.o
  AS      arch/arm/lib/copy_from_user.o
  CC      drivers/cpuidle/driver.o
  AS      arch/arm/lib/copy_page.o
  AS      arch/arm/lib/copy_to_user.o
  CC      net/core/secure_seq.o
  AS      arch/arm/lib/csumipv6.o
  CC      kernel/elfcore.o
  AS      arch/arm/lib/csumpartial.o
  CC      drivers/cpuidle/governor.o
  AS      arch/arm/lib/csumpartialcopy.o
  AS      arch/arm/lib/csumpartialcopyuser.o
  CC      net/core/flow_dissector.o
  AS      arch/arm/lib/delay-loop.o
  CC      drivers/cpuidle/sysfs.o
  CC      kernel/irq_work.o
  CC      arch/arm/lib/delay.o
  CC      drivers/cpuidle/governors/ladder.o
  AS      arch/arm/lib/div64.o
  CC      kernel/cpu_pm.o
  AS      arch/arm/lib/findbit.o
  AS      arch/arm/lib/getuser.o
  CC      drivers/cpuidle/governors/menu.o
  AS      arch/arm/lib/io-readsb.o
  AS      arch/arm/lib/io-readsl.o
  CC      net/core/sysctl_net_core.o
  LD      kernel/built-in.o
  AS      arch/arm/lib/io-readsw-armv4.o
  AS      arch/arm/lib/io-writesb.o
  CC      net/core/dev.o
  AS      arch/arm/lib/io-writesl.o
  AS      arch/arm/lib/io-writesw-armv4.o
  LD      drivers/cpuidle/governors/built-in.o
  LD      drivers/cpuidle/built-in.o
  LD      drivers/crypto/built-in.o
  AS      arch/arm/lib/lib1funcs.o
  LD      drivers/firewire/built-in.o
  LD      drivers/firmware/built-in.o
  CC      drivers/gpio/devres.o
  AS      arch/arm/lib/lshrdi3.o
  AS      arch/arm/lib/memchr.o
  AS      arch/arm/lib/memcpy.o
  AS      arch/arm/lib/memmove.o
  CC      drivers/gpio/gpiolib.o
  AS      arch/arm/lib/memset.o
  CC      drivers/gpio/gpiolib-legacy.o
  AS      arch/arm/lib/memzero.o
  CC      lib/lockref.o
  AS      arch/arm/lib/muldi3.o
  CC      lib/bcd.o
  AS      arch/arm/lib/putuser.o
  CC      lib/div64.o
  AS      arch/arm/lib/setbit.o
  CC      drivers/gpio/gpiolib-of.o
  CC      lib/sort.o
  AS      arch/arm/lib/strchr.o
  CC      net/core/ethtool.o
  AS      arch/arm/lib/strrchr.o
  AS      arch/arm/lib/testchangebit.o
  CC      lib/parser.o
  AS      arch/arm/lib/testclearbit.o
  CC      drivers/gpio/gpio-generic.o
  AS      arch/arm/lib/testsetbit.o
  AS      arch/arm/lib/ucmpdi2.o
  CC      lib/halfmd4.o
  AR      arch/arm/lib/lib.a
  DTC     arch/arm/boot/dts/vexpress-v2p-ca5s.dtb
  LD      drivers/gpio/built-in.o
  CC      lib/debug_locks.o
  LD      drivers/gpu/drm/bridge/built-in.o
  DTC     arch/arm/boot/dts/vexpress-v2p-ca9.dtb
  LD      drivers/gpu/drm/i2c/built-in.o
  LD      drivers/gpu/drm/panel/built-in.o
  DTC     arch/arm/boot/dts/vexpress-v2p-ca15-tc1.dtb
  LD      drivers/gpu/drm/built-in.o
  CC      lib/random32.o
  CC      net/core/dev_addr_lists.o
  DTC     arch/arm/boot/dts/vexpress-v2p-ca15_a7.dtb
  LD      drivers/gpu/built-in.o
  LD      drivers/hsi/clients/built-in.o
  LD      drivers/i2c/algos/built-in.o
  LD      drivers/hsi/controllers/built-in.o
  LD      drivers/hsi/built-in.o
  LD      drivers/i2c/busses/built-in.o
  CC      lib/bust_spinlocks.o
  LD      drivers/i2c/muxes/built-in.o
  LD      drivers/i2c/built-in.o
  LD      drivers/idle/built-in.o
  CC      drivers/input/input.o
  CC      drivers/input/serio/serio.o
  CC      lib/hexdump.o
  CC      net/core/dst.o
  CC      drivers/input/serio/ambakmi.o
  CC      drivers/input/input-compat.o
  CC      lib/kasprintf.o
  CC      lib/bitmap.o
  CC      drivers/input/serio/libps2.o
  CC      drivers/input/input-mt.o
  CC      lib/scatterlist.o
  CC      drivers/input/ff-core.o
  CC      net/core/netevent.o
  LD      drivers/input/serio/built-in.o
  CC      drivers/irqchip/irqchip.o
  CC      lib/gcd.o
  CC      lib/lcm.o
  CC      drivers/irqchip/irq-gic.o
  CC      drivers/input/mousedev.o
  CC      lib/list_sort.o
  CC      lib/uuid.o
  CC      net/core/neighbour.o
  CC      lib/flex_array.o
  CC      drivers/input/keyboard/atkbd.o
  CC      drivers/irqchip/irq-gic-common.o
  CC      lib/iovec.o
  LD      drivers/irqchip/built-in.o
  CC      lib/clz_ctz.o
  CC      lib/bsearch.o
  LD      drivers/input/keyboard/built-in.o
  CC      lib/find_last_bit.o
  CC      drivers/input/mouse/psmouse-base.o
  LD      drivers/input/input-core.o
  CC      lib/find_next_bit.o
  CC      net/ethernet/eth.o
  CC      lib/llist.o
  CC      lib/memweight.o
  CC      net/core/rtnetlink.o
  CC      drivers/input/mouse/synaptics.o
  CC      lib/kfifo.o
  CC      drivers/input/mouse/alps.o
  CC      lib/percpu-refcount.o
  LD      net/ethernet/built-in.o
  CC      lib/percpu_ida.o
  CC      net/core/utils.o
  CC      drivers/input/mouse/logips2pp.o
  CC      lib/hash.o
  LD      drivers/leds/built-in.o
  CC      net/ipv4/route.o
  CC      lib/rhashtable.o
  CC      drivers/input/mouse/trackpoint.o
  CC      lib/string_helpers.o
  CC      net/core/link_watch.o
  CC      lib/kstrtox.o
  CC      drivers/input/mouse/cypress_ps2.o
  CC      lib/pci_iomap.o
  CC      net/ipv4/inetpeer.o
  LD      drivers/input/mouse/psmouse.o
  LD      drivers/input/mouse/built-in.o
  LD      drivers/input/built-in.o
  CC      lib/iomap_copy.o
  LD      drivers/lguest/built-in.o
  LD      drivers/macintosh/built-in.o
  CC      net/core/filter.o
  LD      drivers/media/common/b2c2/built-in.o
  CC      lib/devres.o
  LD      drivers/media/common/saa7146/built-in.o
  LD      drivers/media/common/siano/built-in.o
  LD      drivers/media/common/built-in.o
  LD      drivers/media/firewire/built-in.o
  LD      drivers/media/i2c/soc_camera/built-in.o
  LD      drivers/media/i2c/built-in.o
  LD      drivers/media/mmc/siano/built-in.o
  LD      drivers/media/mmc/built-in.o
  LD      drivers/media/parport/built-in.o
  LD      drivers/media/pci/b2c2/built-in.o
  LD      drivers/media/pci/ddbridge/built-in.o
  LD      drivers/media/pci/dm1105/built-in.o
  LD      drivers/media/pci/mantis/built-in.o
  LD      drivers/media/pci/ngene/built-in.o
  CC      net/ipv4/protocol.o
  CC      lib/hweight.o
  LD      drivers/media/pci/pluto2/built-in.o
  LD      drivers/media/pci/pt1/built-in.o
  LD      drivers/media/pci/saa7146/built-in.o
  CC      lib/bitrev.o
  LD      drivers/media/pci/ttpci/built-in.o
  LD      drivers/media/pci/built-in.o
  LD      drivers/media/platform/davinci/built-in.o
  LD      drivers/media/platform/built-in.o
  LD      drivers/media/rc/keymaps/built-in.o
  LD      drivers/media/rc/built-in.o
  LD      drivers/media/tuners/built-in.o
  HOSTCC  lib/gen_crc32table
  LD      drivers/media/usb/b2c2/built-in.o
  CC      net/core/sock_diag.o
  LD      drivers/media/usb/dvb-usb/built-in.o
  LD      drivers/media/usb/dvb-usb-v2/built-in.o
  LD      drivers/media/usb/s2255/built-in.o
  LD      drivers/media/usb/siano/built-in.o
  LD      drivers/media/usb/stkwebcam/built-in.o
  LD      drivers/media/usb/ttusb-budget/built-in.o
  LD      drivers/media/usb/ttusb-dec/built-in.o
  LD      drivers/media/usb/zr364xx/built-in.o
  LD      drivers/media/usb/built-in.o
  CC      net/ipv4/ip_input.o
  LD      drivers/media/built-in.o
  CC      drivers/mfd/mfd-core.o
  CC      lib/lz4/lz4_decompress.o
  LD      lib/lz4/built-in.o
  CC      lib/lzo/lzo1x_compress.o
  CC      net/core/dev_ioctl.o
  CC      drivers/mfd/syscon.o
  CC      lib/lzo/lzo1x_decompress_safe.o
  CC      drivers/mfd/vexpress-sysreg.o
  CC      net/ipv4/ip_fragment.o
  LD      lib/lzo/lzo_compress.o
  LD      lib/lzo/lzo_decompress.o
  LD      lib/lzo/built-in.o
  CC      lib/xz/xz_dec_syms.o
  CC      net/core/tso.o
  LD      drivers/mfd/built-in.o
  LD      drivers/misc/carma/built-in.o
  LD      drivers/misc/cb710/built-in.o
  CC      lib/xz/xz_dec_stream.o
  LD      drivers/misc/eeprom/built-in.o
  LD      drivers/misc/lis3lv02d/built-in.o
  LD      drivers/misc/mic/built-in.o
  LD      drivers/misc/ti-st/built-in.o
  CC      drivers/misc/vexpress-syscfg.o
  CC      lib/xz/xz_dec_lzma2.o
  CC      net/ipv4/ip_forward.o
  CC      lib/xz/xz_dec_bcj.o
  LD      drivers/misc/built-in.o
  LD      drivers/mmc/built-in.o
  CC      drivers/net/mii.o
  CC      net/core/flow.o
  LD      lib/xz/xz_dec.o
  LD      lib/xz/built-in.o
  CC      lib/zlib_deflate/deflate.o
  CC      lib/zlib_deflate/deftree.o
  CC      lib/zlib_deflate/deflate_syms.o
  CC      net/ipv4/ip_options.o
  CC      net/core/net-sysfs.o
  CC      drivers/net/Space.o
  LD      lib/zlib_deflate/zlib_deflate.o
  LD      lib/zlib_deflate/built-in.o
  CC      lib/zlib_inflate/inffast.o
  CC      lib/zlib_inflate/inflate.o
  CC      lib/zlib_inflate/infutil.o
  CC      lib/zlib_inflate/inftrees.o
  CC      drivers/net/loopback.o
  CC      net/ipv4/ip_output.o
  CC      net/core/net-procfs.o
  CC      lib/zlib_inflate/inflate_syms.o
  LD      lib/zlib_inflate/zlib_inflate.o
  LD      lib/zlib_inflate/built-in.o
  CC      lib/swiotlb.o
  LD      net/core/built-in.o
  CC      lib/iommu-helper.o
  LD      drivers/net/ethernet/8390/built-in.o
  LD      drivers/net/ethernet/arc/built-in.o
  LD      drivers/net/ethernet/broadcom/built-in.o
  CC      net/ipv4/ip_sockglue.o
  LD      drivers/net/ethernet/cadence/built-in.o
  CC      net/ipv4/inet_hashtables.o
  CC      lib/syscall.o
  LD      drivers/net/ethernet/cirrus/built-in.o
  LD      drivers/net/ethernet/faraday/built-in.o
  LD      drivers/net/ethernet/hisilicon/built-in.o
  LD      drivers/net/ethernet/i825xx/built-in.o
  LD      drivers/net/ethernet/intel/built-in.o
  LD      drivers/net/ethernet/marvell/built-in.o
  LD      drivers/net/ethernet/micrel/built-in.o
  LD      drivers/net/ethernet/natsemi/built-in.o
  LD      drivers/net/ethernet/samsung/built-in.o
  LD      drivers/net/ethernet/seeq/built-in.o
  CC      drivers/net/ethernet/smsc/smc91x.o
  CC      lib/nlattr.o
  CC      net/ipv4/inet_timewait_sock.o
  CC      net/ipv6/addrconf_core.o
  CC      lib/dynamic_queue_limits.o
  CC      drivers/net/ethernet/smsc/smsc911x.o
  CC      lib/strncpy_from_user.o
  CC      net/ipv4/inet_connection_sock.o
  CC      lib/strnlen_user.o
  CC      net/ipv6/exthdrs_core.o
  CC      lib/net_utils.o
  LD      drivers/net/ethernet/smsc/built-in.o
  LD      drivers/net/ethernet/stmicro/built-in.o
  LD      drivers/net/ethernet/via/built-in.o
  LD      drivers/net/ethernet/wiznet/built-in.o
  LD      drivers/net/ethernet/built-in.o
  CC      drivers/net/phy/phy.o
  CC      lib/argv_split.o
  CC      net/ipv6/ip6_checksum.o
  CC      net/ipv4/tcp.o
  CC      lib/bug.o
  CC      lib/cmdline.o
  CC      lib/ctype.o
  CC      drivers/net/phy/phy_device.o
  CC      lib/dec_and_lock.o
  CC      lib/decompress.o
  CC      lib/decompress_bunzip2.o
  CC      net/ipv6/ip6_icmp.o
  CC      lib/decompress_inflate.o
  CC      net/ipv4/tcp_input.o
  CC      drivers/net/phy/mdio_bus.o
  CC      lib/decompress_unlz4.o
  CC      net/ipv6/output_core.o
  CC      lib/decompress_unlzma.o
  LD      drivers/net/phy/libphy.o
  LD      drivers/net/phy/built-in.o
  LD      drivers/net/built-in.o
  CC      lib/decompress_unlzo.o
  LD      drivers/nfc/built-in.o
  CC      drivers/of/base.o
  CC      net/ipv4/tcp_output.o
  CC      lib/decompress_unxz.o
  CC      net/ipv6/protocol.o
  CC      drivers/of/device.o
  CC      lib/dump_stack.o
  CC      drivers/of/platform.o
  CC      lib/earlycpio.o
  CC      net/ipv4/tcp_timer.o
  CC      net/ipv4/tcp_ipv4.o
  CC      drivers/of/fdt_address.o
  CC      lib/fdt.o
  CC      lib/fdt_empty_tree.o
  CC      drivers/of/address.o
  CC      lib/fdt_ro.o
  CC      lib/fdt_rw.o
  CC      lib/fdt_strerror.o
  CC      drivers/of/irq.o
  CC      lib/fdt_sw.o
  CC      lib/fdt_wip.o
  CC      net/ipv6/tcpv6_offload.o
  CC      lib/flex_proportions.o
  CC      drivers/of/of_net.o
  CC      net/ipv4/tcp_minisocks.o
  CC      lib/idr.o
  CC      lib/int_sqrt.o
  CC      lib/ioremap.o
  CC      net/ipv6/udp_offload.o
  CC      drivers/of/of_mdio.o
  CC      lib/irq_regs.o
  CC      net/ipv4/tcp_cong.o
  CC      lib/is_single_threaded.o
  CC      lib/klist.o
  CC      drivers/of/of_reserved_mem.o
  CC      net/ipv6/exthdrs_offload.o
  CC      lib/kobject.o
  CC      net/ipv4/tcp_metrics.o
  LD      drivers/of/built-in.o
  LD      drivers/pinctrl/nomadik/built-in.o
  CC      lib/kobject_uevent.o
  LD      drivers/pinctrl/built-in.o
  LD      drivers/platform/built-in.o
  CC      drivers/power/power_supply_core.o
  LD      net/ipv6/built-in.o
  CC      net/ipv4/tcp_fastopen.o
  CC      drivers/power/power_supply_sysfs.o
  CC      drivers/power/reset/vexpress-poweroff.o
  CC      lib/md5.o
  CC      lib/plist.o
  CC      net/netlink/af_netlink.o
  LD      drivers/power/reset/built-in.o
  CC      lib/prio_heap.o
  LD      drivers/power/power_supply.o
  LD      drivers/power/built-in.o
  LD      drivers/pwm/built-in.o
  CC      drivers/rtc/rtc-lib.o
  CC      net/ipv4/tcp_offload.o
  CC      lib/proportions.o
  CC      lib/radix-tree.o
  LD      drivers/rtc/built-in.o
  LD      drivers/soc/built-in.o
  CC      drivers/tty/tty_io.o
  CC      net/netlink/genetlink.o
  CC      lib/ratelimit.o
  CC      lib/rbtree.o
  CC      net/ipv4/datagram.o
  CC      lib/reciprocal_div.o
  CC      lib/sha1.o
  CC      drivers/tty/n_tty.o
  CC      lib/show_mem.o
  LD      net/netlink/built-in.o
  CC      lib/string.o
  CC      lib/timerqueue.o
  LD      drivers/video/backlight/built-in.o
  CC      drivers/tty/tty_ioctl.o
  CC      drivers/video/console/dummycon.o
  CC      net/ipv4/raw.o
  CC      lib/vsprintf.o
  CC      drivers/tty/tty_ldisc.o
  LD      drivers/video/console/built-in.o
  CC      drivers/video/fbdev/core/fb_notify.o
  CC      net/ipv4/udp.o
  GEN     lib/crc32table.h
  AR      lib/lib.a
  CC      drivers/tty/tty_buffer.o
  CC      lib/crc32.o
  CC      drivers/video/fbdev/core/fbmem.o
  CC      drivers/tty/tty_port.o
  CC      drivers/video/fbdev/core/fbmon.o
  LD      lib/built-in.o
  CC      drivers/tty/tty_mutex.o
  CC      drivers/video/fbdev/core/fbcmap.o
  CC      net/ipv4/udplite.o
  CC      drivers/tty/tty_ldsem.o
  CC      net/packet/af_packet.o
  CC      drivers/video/fbdev/core/fbsysfs.o
  CC      drivers/tty/pty.o
  CC      net/ipv4/udp_offload.o
  CC      drivers/video/fbdev/core/modedb.o
  LD      net/packet/built-in.o
  LD      drivers/tty/ipwireless/built-in.o
  CC      net/sched/sch_generic.o
  CC      drivers/tty/serial/serial_core.o
  CC      drivers/video/fbdev/core/fbcvt.o
  CC      net/ipv4/arp.o
  CC      drivers/tty/serial/earlycon.o
  CC      drivers/video/fbdev/core/cfbfillrect.o
  CC      net/sched/sch_mq.o
  CC      drivers/tty/serial/amba-pl011.o
  CC      drivers/video/fbdev/core/cfbcopyarea.o
  CC      net/ipv4/icmp.o
  LD      net/sched/built-in.o
  CC      drivers/video/fbdev/core/cfbimgblt.o
  LD      drivers/tty/serial/built-in.o
  CC      drivers/tty/vt/vt_ioctl.o
  CC      drivers/tty/vt/vc_screen.o
  LD      drivers/video/fbdev/core/fb.o
  LD      drivers/video/fbdev/core/built-in.o
  LD      drivers/video/fbdev/omap2/displays-new/built-in.o
  CC      drivers/video/display_timing.o
  LD      drivers/video/fbdev/omap2/dss/built-in.o
  LD      drivers/video/fbdev/omap2/built-in.o
  CC      net/ipv4/devinet.o
  CC      drivers/video/fbdev/amba-clcd.o
  CC      drivers/tty/vt/selection.o
  CC      net/unix/af_unix.o
  CC      drivers/tty/vt/keyboard.o
  CC      drivers/video/fbdev/amba-clcd-versatile.o
  CC      net/ipv4/af_inet.o
  CC      drivers/tty/vt/consolemap.o
  LD      drivers/video/fbdev/built-in.o
  CC      drivers/video/videomode.o
  CC      net/unix/garbage.o
  CC      drivers/video/of_display_timing.o
  CC      drivers/video/of_videomode.o
  CONMK   drivers/tty/vt/consolemap_deftbl.c
  CC      drivers/tty/vt/vt.o
  LD      drivers/video/built-in.o
  SHIPPED drivers/tty/vt/defkeymap.c
  CC      net/xfrm/xfrm_policy.o
  CC      net/ipv4/igmp.o
  CC      net/unix/sysctl_net_unix.o
  CC      drivers/tty/vt/consolemap_deftbl.o
  CC      drivers/tty/vt/defkeymap.o
  LD      drivers/tty/vt/built-in.o
  LD      drivers/tty/built-in.o
  LD      drivers/built-in.o
  LD      net/unix/unix.o
  LD      net/unix/built-in.o
  CC      net/xfrm/xfrm_state.o
  CC      net/ipv4/fib_frontend.o
  CC      net/sysctl_net.o
  CC      net/ipv4/fib_semantics.o
  CC      net/ipv4/fib_trie.o
  CC      net/xfrm/xfrm_hash.o
  CC      net/xfrm/xfrm_input.o
  CC      net/xfrm/xfrm_output.o
  CC      net/xfrm/xfrm_sysctl.o
  CC      net/xfrm/xfrm_replay.o
  CC      net/ipv4/inet_fragment.o
  CC      net/ipv4/ping.o
  CC      net/ipv4/ip_tunnel_core.o
  CC      net/ipv4/gre_offload.o
  LD      net/xfrm/built-in.o
  CC      net/ipv4/sysctl_net_ipv4.o
  CC      net/ipv4/proc.o
  CC      net/ipv4/xfrm4_mode_beet.o
  CC      net/ipv4/xfrm4_mode_transport.o
  CC      net/ipv4/xfrm4_mode_tunnel.o
  CC      net/ipv4/ipconfig.o
  CC      net/ipv4/inet_diag.o
  CC      net/ipv4/tcp_diag.o
  CC      net/ipv4/tcp_cubic.o
  CC      net/ipv4/xfrm4_policy.o
  CC      net/ipv4/xfrm4_state.o
  CC      net/ipv4/xfrm4_input.o
  CC      net/ipv4/xfrm4_output.o
  CC      net/ipv4/xfrm4_protocol.o
  LD      net/ipv4/built-in.o
  LD      net/built-in.o
  LINK    vmlinux
  LD      vmlinux.o
  MODPOST vmlinux.o
  GEN     .version
  CHK     include/generated/compile.h
  UPD     include/generated/compile.h
  CC      init/version.o
  LD      init/built-in.o
  KSYM    .tmp_kallsyms1.o
  KSYM    .tmp_kallsyms2.o
  LD      vmlinux
  SORTEX  vmlinux
  SYSMAP  System.map
  OBJCOPY arch/arm/boot/Image
  Kernel: arch/arm/boot/Image is ready
  LDS     arch/arm/boot/compressed/vmlinux.lds
  AS      arch/arm/boot/compressed/head.o
  XZKERN  arch/arm/boot/compressed/piggy.xzkern
  CC      arch/arm/boot/compressed/misc.o
  CC      arch/arm/boot/compressed/decompress.o
  CC      arch/arm/boot/compressed/string.o
  SHIPPED arch/arm/boot/compressed/hyp-stub.S
  SHIPPED arch/arm/boot/compressed/lib1funcs.S
  SHIPPED arch/arm/boot/compressed/ashldi3.S
  SHIPPED arch/arm/boot/compressed/bswapsdi2.S
  AS      arch/arm/boot/compressed/hyp-stub.o
  AS      arch/arm/boot/compressed/lib1funcs.o
  AS      arch/arm/boot/compressed/ashldi3.o
  AS      arch/arm/boot/compressed/bswapsdi2.o
  AS      arch/arm/boot/compressed/piggy.xzkern.o
  LD      arch/arm/boot/compressed/vmlinux
  OBJCOPY arch/arm/boot/zImage
  Kernel: arch/arm/boot/zImage is ready
